0 info it worked if it ends with ok
1 verbose cli [ 'C:\\Program Files\\nodejs\\node.exe',
1 verbose cli   'C:\\Program Files\\nodejs\\node_modules\\npm\\bin\\npm-cli.js',
1 verbose cli   'install',
1 verbose cli   'xml2json' ]
2 info using npm@3.6.0
3 info using node@v5.7.1
4 silly loadCurrentTree Starting
5 silly install loadCurrentTree
6 silly install readLocalPackageData
7 silly fetchPackageMetaData xml2json
8 silly fetchNamedPackageData xml2json
9 silly mapToRegistry name xml2json
10 silly mapToRegistry using default registry
11 silly mapToRegistry registry https://registry.npmjs.org/
12 silly mapToRegistry uri https://registry.npmjs.org/xml2json
13 verbose request uri https://registry.npmjs.org/xml2json
14 verbose request no auth needed
15 info attempt registry request try #1 at 6:55:20 PM
16 verbose request id bdc018bc22b1b41f
17 verbose etag "EON8QGLLDZ92HX1JRTUUA2I89"
18 http request GET https://registry.npmjs.org/xml2json
19 http 304 https://registry.npmjs.org/xml2json
20 verbose headers { date: 'Wed, 11 May 2016 22:55:22 GMT',
20 verbose headers   via: '1.1 varnish',
20 verbose headers   'cache-control': 'max-age=300',
20 verbose headers   etag: '"EON8QGLLDZ92HX1JRTUUA2I89"',
20 verbose headers   age: '148',
20 verbose headers   connection: 'keep-alive',
20 verbose headers   'x-served-by': 'cache-lax1420-LAX',
20 verbose headers   'x-cache': 'HIT',
20 verbose headers   'x-cache-hits': '1',
20 verbose headers   'x-timer': 'S1463007322.202627,VS0,VE7',
20 verbose headers   vary: 'Accept-Encoding' }
21 silly get cb [ 304,
21 silly get   { date: 'Wed, 11 May 2016 22:55:22 GMT',
21 silly get     via: '1.1 varnish',
21 silly get     'cache-control': 'max-age=300',
21 silly get     etag: '"EON8QGLLDZ92HX1JRTUUA2I89"',
21 silly get     age: '148',
21 silly get     connection: 'keep-alive',
21 silly get     'x-served-by': 'cache-lax1420-LAX',
21 silly get     'x-cache': 'HIT',
21 silly get     'x-cache-hits': '1',
21 silly get     'x-timer': 'S1463007322.202627,VS0,VE7',
21 silly get     vary: 'Accept-Encoding' } ]
22 verbose etag https://registry.npmjs.org/xml2json from cache
23 verbose get saving xml2json to C:\Users\nidhi\AppData\Roaming\npm-cache\registry.npmjs.org\xml2json\.cache.json
24 verbose correctMkdir C:\Users\nidhi\AppData\Roaming\npm-cache correctMkdir not in flight; initializing
25 silly install normalizeTree
26 silly loadCurrentTree Finishing
27 silly loadIdealTree Starting
28 silly install loadIdealTree
29 silly cloneCurrentTree Starting
30 silly install cloneCurrentTreeToIdealTree
31 silly cloneCurrentTree Finishing
32 silly loadShrinkwrap Starting
33 silly install loadShrinkwrap
34 silly loadShrinkwrap Finishing
35 silly loadAllDepsIntoIdealTree Starting
36 silly install loadAllDepsIntoIdealTree
37 silly resolveWithNewModule xml2json@0.9.1 checking installable status
38 silly cache add args [ 'xml2json', null ]
39 verbose cache add spec xml2json
40 silly cache add parsed spec Result {
40 silly cache add   raw: 'xml2json',
40 silly cache add   scope: null,
40 silly cache add   name: 'xml2json',
40 silly cache add   rawSpec: '',
40 silly cache add   spec: 'latest',
40 silly cache add   type: 'tag' }
41 silly addNamed xml2json@latest
42 verbose addNamed "latest" is being treated as a dist-tag for xml2json
43 info addNameTag [ 'xml2json', 'latest' ]
44 silly mapToRegistry name xml2json
45 silly mapToRegistry using default registry
46 silly mapToRegistry registry https://registry.npmjs.org/
47 silly mapToRegistry uri https://registry.npmjs.org/xml2json
48 verbose addNameTag registry:https://registry.npmjs.org/xml2json not in flight; fetching
49 verbose get https://registry.npmjs.org/xml2json not expired, no request
50 silly addNameTag next cb for xml2json with tag latest
51 silly addNamed xml2json@0.9.1
52 verbose addNamed "0.9.1" is a plain semver version for xml2json
53 silly cache afterAdd xml2json@0.9.1
54 verbose afterAdd C:\Users\nidhi\AppData\Roaming\npm-cache\xml2json\0.9.1\package\package.json not in flight; writing
55 verbose correctMkdir C:\Users\nidhi\AppData\Roaming\npm-cache correctMkdir not in flight; initializing
56 verbose afterAdd C:\Users\nidhi\AppData\Roaming\npm-cache\xml2json\0.9.1\package\package.json written
57 silly fetchNamedPackageData node-expat
58 silly mapToRegistry name node-expat
59 silly mapToRegistry using default registry
60 silly mapToRegistry registry https://registry.npmjs.org/
61 silly mapToRegistry uri https://registry.npmjs.org/node-expat
62 verbose request uri https://registry.npmjs.org/node-expat
63 verbose request no auth needed
64 info attempt registry request try #1 at 6:55:21 PM
65 verbose etag "DF0QDFFO2DFZL2BI6SQM2MW7U"
66 http request GET https://registry.npmjs.org/node-expat
67 http 304 https://registry.npmjs.org/node-expat
68 verbose headers { date: 'Wed, 11 May 2016 22:55:22 GMT',
68 verbose headers   via: '1.1 varnish',
68 verbose headers   'cache-control': 'max-age=300',
68 verbose headers   etag: '"DF0QDFFO2DFZL2BI6SQM2MW7U"',
68 verbose headers   age: '141',
68 verbose headers   connection: 'keep-alive',
68 verbose headers   'x-served-by': 'cache-lax1427-LAX',
68 verbose headers   'x-cache': 'HIT',
68 verbose headers   'x-cache-hits': '1',
68 verbose headers   'x-timer': 'S1463007322.681381,VS0,VE0',
68 verbose headers   vary: 'Accept-Encoding' }
69 silly get cb [ 304,
69 silly get   { date: 'Wed, 11 May 2016 22:55:22 GMT',
69 silly get     via: '1.1 varnish',
69 silly get     'cache-control': 'max-age=300',
69 silly get     etag: '"DF0QDFFO2DFZL2BI6SQM2MW7U"',
69 silly get     age: '141',
69 silly get     connection: 'keep-alive',
69 silly get     'x-served-by': 'cache-lax1427-LAX',
69 silly get     'x-cache': 'HIT',
69 silly get     'x-cache-hits': '1',
69 silly get     'x-timer': 'S1463007322.681381,VS0,VE0',
69 silly get     vary: 'Accept-Encoding' } ]
70 verbose etag https://registry.npmjs.org/node-expat from cache
71 verbose get saving node-expat to C:\Users\nidhi\AppData\Roaming\npm-cache\registry.npmjs.org\node-expat\.cache.json
72 verbose correctMkdir C:\Users\nidhi\AppData\Roaming\npm-cache correctMkdir not in flight; initializing
73 silly resolveWithNewModule node-expat@2.3.13 checking installable status
74 silly cache add args [ 'node-expat@^2.3.9', null ]
75 verbose cache add spec node-expat@^2.3.9
76 silly cache add parsed spec Result {
76 silly cache add   raw: 'node-expat@^2.3.9',
76 silly cache add   scope: null,
76 silly cache add   name: 'node-expat',
76 silly cache add   rawSpec: '^2.3.9',
76 silly cache add   spec: '>=2.3.9 <3.0.0',
76 silly cache add   type: 'range' }
77 silly addNamed node-expat@>=2.3.9 <3.0.0
78 verbose addNamed ">=2.3.9 <3.0.0" is a valid semver range for node-expat
79 silly addNameRange { name: 'node-expat', range: '>=2.3.9 <3.0.0', hasData: false }
80 silly mapToRegistry name node-expat
81 silly mapToRegistry using default registry
82 silly mapToRegistry registry https://registry.npmjs.org/
83 silly mapToRegistry uri https://registry.npmjs.org/node-expat
84 verbose addNameRange registry:https://registry.npmjs.org/node-expat not in flight; fetching
85 verbose get https://registry.npmjs.org/node-expat not expired, no request
86 silly addNameRange number 2 { name: 'node-expat', range: '>=2.3.9 <3.0.0', hasData: true }
87 silly addNameRange versions [ 'node-expat',
87 silly addNameRange   [ '0.0.4',
87 silly addNameRange     '0.0.5',
87 silly addNameRange     '0.0.6',
87 silly addNameRange     '1.0.0',
87 silly addNameRange     '1.0.1',
87 silly addNameRange     '1.1.0',
87 silly addNameRange     '1.1.1',
87 silly addNameRange     '1.2.0',
87 silly addNameRange     '1.3.0',
87 silly addNameRange     '1.3.1',
87 silly addNameRange     '1.3.2',
87 silly addNameRange     '1.4.0',
87 silly addNameRange     '1.4.1',
87 silly addNameRange     '1.4.2',
87 silly addNameRange     '1.4.3',
87 silly addNameRange     '1.4.4',
87 silly addNameRange     '1.4.5',
87 silly addNameRange     '1.5.0',
87 silly addNameRange     '1.6.0',
87 silly addNameRange     '1.6.1',
87 silly addNameRange     '2.0.0',
87 silly addNameRange     '2.1.0',
87 silly addNameRange     '2.1.1',
87 silly addNameRange     '2.1.2',
87 silly addNameRange     '2.1.3',
87 silly addNameRange     '2.1.4',
87 silly addNameRange     '2.2.0',
87 silly addNameRange     '2.3.0',
87 silly addNameRange     '2.3.1',
87 silly addNameRange     '2.3.2',
87 silly addNameRange     '2.3.3',
87 silly addNameRange     '2.3.4',
87 silly addNameRange     '2.3.5',
87 silly addNameRange     '2.3.6',
87 silly addNameRange     '2.3.7',
87 silly addNameRange     '2.3.8',
87 silly addNameRange     '2.3.9',
87 silly addNameRange     '2.3.10',
87 silly addNameRange     '2.3.11',
87 silly addNameRange     '2.3.12',
87 silly addNameRange     '2.3.13' ] ]
88 silly addNamed node-expat@2.3.13
89 verbose addNamed "2.3.13" is a plain semver version for node-expat
90 silly cache afterAdd node-expat@2.3.13
91 verbose afterAdd C:\Users\nidhi\AppData\Roaming\npm-cache\node-expat\2.3.13\package\package.json not in flight; writing
92 verbose correctMkdir C:\Users\nidhi\AppData\Roaming\npm-cache correctMkdir not in flight; initializing
93 verbose afterAdd C:\Users\nidhi\AppData\Roaming\npm-cache\node-expat\2.3.13\package\package.json written
94 silly fetchNamedPackageData bindings
95 silly mapToRegistry name bindings
96 silly mapToRegistry using default registry
97 silly mapToRegistry registry https://registry.npmjs.org/
98 silly mapToRegistry uri https://registry.npmjs.org/bindings
99 silly fetchNamedPackageData nan
100 silly mapToRegistry name nan
101 silly mapToRegistry using default registry
102 silly mapToRegistry registry https://registry.npmjs.org/
103 silly mapToRegistry uri https://registry.npmjs.org/nan
104 verbose request uri https://registry.npmjs.org/bindings
105 verbose request no auth needed
106 info attempt registry request try #1 at 6:55:22 PM
107 verbose etag "1LLBF9OH58DLBEL4629U6032D"
108 http request GET https://registry.npmjs.org/bindings
109 verbose request uri https://registry.npmjs.org/nan
110 verbose request no auth needed
111 info attempt registry request try #1 at 6:55:22 PM
112 verbose etag "24B26O57Z0ASCDVIYEYKA8KVW"
113 http request GET https://registry.npmjs.org/nan
114 http 304 https://registry.npmjs.org/nan
115 verbose headers { date: 'Wed, 11 May 2016 22:55:23 GMT',
115 verbose headers   via: '1.1 varnish',
115 verbose headers   'cache-control': 'max-age=300',
115 verbose headers   etag: '"24B26O57Z0ASCDVIYEYKA8KVW"',
115 verbose headers   age: '155',
115 verbose headers   connection: 'keep-alive',
115 verbose headers   'x-served-by': 'cache-lax1431-LAX',
115 verbose headers   'x-cache': 'HIT',
115 verbose headers   'x-cache-hits': '9',
115 verbose headers   'x-timer': 'S1463007323.362867,VS0,VE0',
115 verbose headers   vary: 'Accept-Encoding' }
116 silly get cb [ 304,
116 silly get   { date: 'Wed, 11 May 2016 22:55:23 GMT',
116 silly get     via: '1.1 varnish',
116 silly get     'cache-control': 'max-age=300',
116 silly get     etag: '"24B26O57Z0ASCDVIYEYKA8KVW"',
116 silly get     age: '155',
116 silly get     connection: 'keep-alive',
116 silly get     'x-served-by': 'cache-lax1431-LAX',
116 silly get     'x-cache': 'HIT',
116 silly get     'x-cache-hits': '9',
116 silly get     'x-timer': 'S1463007323.362867,VS0,VE0',
116 silly get     vary: 'Accept-Encoding' } ]
117 verbose etag https://registry.npmjs.org/nan from cache
118 verbose get saving nan to C:\Users\nidhi\AppData\Roaming\npm-cache\registry.npmjs.org\nan\.cache.json
119 verbose correctMkdir C:\Users\nidhi\AppData\Roaming\npm-cache correctMkdir not in flight; initializing
120 silly resolveWithNewModule nan@2.3.3 checking installable status
121 silly cache add args [ 'nan@^2.2.0', null ]
122 verbose cache add spec nan@^2.2.0
123 silly cache add parsed spec Result {
123 silly cache add   raw: 'nan@^2.2.0',
123 silly cache add   scope: null,
123 silly cache add   name: 'nan',
123 silly cache add   rawSpec: '^2.2.0',
123 silly cache add   spec: '>=2.2.0 <3.0.0',
123 silly cache add   type: 'range' }
124 silly addNamed nan@>=2.2.0 <3.0.0
125 verbose addNamed ">=2.2.0 <3.0.0" is a valid semver range for nan
126 silly addNameRange { name: 'nan', range: '>=2.2.0 <3.0.0', hasData: false }
127 silly mapToRegistry name nan
128 silly mapToRegistry using default registry
129 silly mapToRegistry registry https://registry.npmjs.org/
130 silly mapToRegistry uri https://registry.npmjs.org/nan
131 verbose addNameRange registry:https://registry.npmjs.org/nan not in flight; fetching
132 verbose get https://registry.npmjs.org/nan not expired, no request
133 silly addNameRange number 2 { name: 'nan', range: '>=2.2.0 <3.0.0', hasData: true }
134 silly addNameRange versions [ 'nan',
134 silly addNameRange   [ '0.3.0-wip',
134 silly addNameRange     '0.3.0-wip2',
134 silly addNameRange     '0.3.0',
134 silly addNameRange     '0.3.1',
134 silly addNameRange     '0.3.2',
134 silly addNameRange     '0.4.0',
134 silly addNameRange     '0.4.1',
134 silly addNameRange     '0.4.2',
134 silly addNameRange     '0.4.3',
134 silly addNameRange     '0.4.4',
134 silly addNameRange     '0.5.0',
134 silly addNameRange     '0.5.1',
134 silly addNameRange     '0.5.2',
134 silly addNameRange     '0.6.0',
134 silly addNameRange     '0.7.0',
134 silly addNameRange     '0.7.1',
134 silly addNameRange     '0.8.0',
134 silly addNameRange     '1.0.0',
134 silly addNameRange     '1.1.0',
134 silly addNameRange     '1.1.1',
134 silly addNameRange     '1.1.2',
134 silly addNameRange     '1.2.0',
134 silly addNameRange     '1.3.0',
134 silly addNameRange     '1.4.0',
134 silly addNameRange     '1.4.1',
134 silly addNameRange     '1.5.0',
134 silly addNameRange     '1.4.2',
134 silly addNameRange     '1.4.3',
134 silly addNameRange     '1.5.1',
134 silly addNameRange     '1.5.2',
134 silly addNameRange     '1.6.0',
134 silly addNameRange     '1.5.3',
134 silly addNameRange     '1.6.1',
134 silly addNameRange     '1.6.2',
134 silly addNameRange     '1.7.0',
134 silly addNameRange     '1.8.0',
134 silly addNameRange     '1.8.1',
134 silly addNameRange     '1.8.2',
134 silly addNameRange     '1.8.3',
134 silly addNameRange     '1.8.4',
134 silly addNameRange     '1.9.0',
134 silly addNameRange     '2.0.0',
134 silly addNameRange     '2.0.1',
134 silly addNameRange     '2.0.2',
134 silly addNameRange     '2.0.3',
134 silly addNameRange     '2.0.4',
134 silly addNameRange     '2.0.5',
134 silly addNameRange     '2.0.6',
134 silly addNameRange     '2.0.7',
134 silly addNameRange     '2.0.8',
134 silly addNameRange     '2.0.9',
134 silly addNameRange     '2.1.0',
134 silly addNameRange     '2.2.0',
134 silly addNameRange     '2.2.1',
134 silly addNameRange     '2.3.0',
134 silly addNameRange     '2.3.1',
134 silly addNameRange     '2.3.2',
134 silly addNameRange     '2.3.3' ] ]
135 silly addNamed nan@2.3.3
136 verbose addNamed "2.3.3" is a plain semver version for nan
137 silly cache afterAdd nan@2.3.3
138 verbose afterAdd C:\Users\nidhi\AppData\Roaming\npm-cache\nan\2.3.3\package\package.json not in flight; writing
139 verbose correctMkdir C:\Users\nidhi\AppData\Roaming\npm-cache correctMkdir not in flight; initializing
140 verbose afterAdd C:\Users\nidhi\AppData\Roaming\npm-cache\nan\2.3.3\package\package.json written
141 http 200 https://registry.npmjs.org/bindings
142 verbose headers { server: 'CouchDB/1.5.0 (Erlang OTP/R16B03)',
142 verbose headers   etag: '"4ZQ9WLHJ86658NNDL9B153ZC0"',
142 verbose headers   'content-type': 'application/json',
142 verbose headers   'cache-control': 'max-age=300',
142 verbose headers   'content-length': '18081',
142 verbose headers   'accept-ranges': 'bytes',
142 verbose headers   date: 'Wed, 11 May 2016 22:55:23 GMT',
142 verbose headers   via: '1.1 varnish',
142 verbose headers   age: '153',
142 verbose headers   connection: 'keep-alive',
142 verbose headers   'x-served-by': 'cache-lax1428-LAX',
142 verbose headers   'x-cache': 'HIT',
142 verbose headers   'x-cache-hits': '3',
142 verbose headers   'x-timer': 'S1463007323.367988,VS0,VE0',
142 verbose headers   vary: 'Accept-Encoding' }
143 silly get cb [ 200,
143 silly get   { server: 'CouchDB/1.5.0 (Erlang OTP/R16B03)',
143 silly get     etag: '"4ZQ9WLHJ86658NNDL9B153ZC0"',
143 silly get     'content-type': 'application/json',
143 silly get     'cache-control': 'max-age=300',
143 silly get     'content-length': '18081',
143 silly get     'accept-ranges': 'bytes',
143 silly get     date: 'Wed, 11 May 2016 22:55:23 GMT',
143 silly get     via: '1.1 varnish',
143 silly get     age: '153',
143 silly get     connection: 'keep-alive',
143 silly get     'x-served-by': 'cache-lax1428-LAX',
143 silly get     'x-cache': 'HIT',
143 silly get     'x-cache-hits': '3',
143 silly get     'x-timer': 'S1463007323.367988,VS0,VE0',
143 silly get     vary: 'Accept-Encoding' } ]
144 verbose get saving bindings to C:\Users\nidhi\AppData\Roaming\npm-cache\registry.npmjs.org\bindings\.cache.json
145 verbose correctMkdir C:\Users\nidhi\AppData\Roaming\npm-cache correctMkdir not in flight; initializing
146 silly resolveWithNewModule bindings@1.2.1 checking installable status
147 silly cache add args [ 'bindings@^1.2.1', null ]
148 verbose cache add spec bindings@^1.2.1
149 silly cache add parsed spec Result {
149 silly cache add   raw: 'bindings@^1.2.1',
149 silly cache add   scope: null,
149 silly cache add   name: 'bindings',
149 silly cache add   rawSpec: '^1.2.1',
149 silly cache add   spec: '>=1.2.1 <2.0.0',
149 silly cache add   type: 'range' }
150 silly addNamed bindings@>=1.2.1 <2.0.0
151 verbose addNamed ">=1.2.1 <2.0.0" is a valid semver range for bindings
152 silly addNameRange { name: 'bindings', range: '>=1.2.1 <2.0.0', hasData: false }
153 silly mapToRegistry name bindings
154 silly mapToRegistry using default registry
155 silly mapToRegistry registry https://registry.npmjs.org/
156 silly mapToRegistry uri https://registry.npmjs.org/bindings
157 verbose addNameRange registry:https://registry.npmjs.org/bindings not in flight; fetching
158 verbose get https://registry.npmjs.org/bindings not expired, no request
159 silly addNameRange number 2 { name: 'bindings', range: '>=1.2.1 <2.0.0', hasData: true }
160 silly addNameRange versions [ 'bindings',
160 silly addNameRange   [ '0.0.1',
160 silly addNameRange     '0.1.0',
160 silly addNameRange     '0.1.1',
160 silly addNameRange     '0.2.0',
160 silly addNameRange     '0.2.1',
160 silly addNameRange     '0.2.2',
160 silly addNameRange     '0.2.3',
160 silly addNameRange     '0.2.4',
160 silly addNameRange     '0.3.0',
160 silly addNameRange     '0.4.0',
160 silly addNameRange     '1.0.0',
160 silly addNameRange     '1.1.0',
160 silly addNameRange     '1.1.1',
160 silly addNameRange     '1.2.0',
160 silly addNameRange     '1.2.1' ] ]
161 silly addNamed bindings@1.2.1
162 verbose addNamed "1.2.1" is a plain semver version for bindings
163 silly cache afterAdd bindings@1.2.1
164 verbose afterAdd C:\Users\nidhi\AppData\Roaming\npm-cache\bindings\1.2.1\package\package.json not in flight; writing
165 verbose correctMkdir C:\Users\nidhi\AppData\Roaming\npm-cache correctMkdir not in flight; initializing
166 verbose afterAdd C:\Users\nidhi\AppData\Roaming\npm-cache\bindings\1.2.1\package\package.json written
167 silly loadAllDepsIntoIdealTree Finishing
168 silly idealTree:prePrune academiaSeek@
168 silly idealTree:prePrune +-- bindings@1.2.1
168 silly idealTree:prePrune +-- hoek@2.16.3
168 silly idealTree:prePrune +-- isemail@1.2.0
168 silly idealTree:prePrune +-- joi@6.10.1
168 silly idealTree:prePrune +-- moment@2.13.0
168 silly idealTree:prePrune +-- nan@2.3.3
168 silly idealTree:prePrune +-- node-expat@2.3.13
168 silly idealTree:prePrune +-- topo@1.1.0
168 silly idealTree:prePrune `-- xml2json@0.9.1
169 silly loadIdealTree Finishing
170 silly currentTree academiaSeek@
170 silly currentTree +-- hoek@2.16.3
170 silly currentTree +-- isemail@1.2.0
170 silly currentTree +-- joi@6.10.1
170 silly currentTree +-- moment@2.13.0
170 silly currentTree `-- topo@1.1.0
171 silly idealTree academiaSeek@
171 silly idealTree +-- bindings@1.2.1
171 silly idealTree +-- hoek@2.16.3
171 silly idealTree +-- isemail@1.2.0
171 silly idealTree +-- joi@6.10.1
171 silly idealTree +-- moment@2.13.0
171 silly idealTree +-- nan@2.3.3
171 silly idealTree +-- node-expat@2.3.13
171 silly idealTree +-- topo@1.1.0
171 silly idealTree `-- xml2json@0.9.1
172 silly generateActionsToTake Starting
173 silly install generateActionsToTake
174 silly generateActionsToTake Finishing
175 silly diffTrees action count 4
176 silly diffTrees add bindings@1.2.1
177 silly diffTrees add nan@2.3.3
178 silly diffTrees add node-expat@2.3.13
179 silly diffTrees add xml2json@0.9.1
180 silly decomposeActions action count 32
181 silly decomposeActions fetch bindings@1.2.1
182 silly decomposeActions extract bindings@1.2.1
183 silly decomposeActions test bindings@1.2.1
184 silly decomposeActions preinstall bindings@1.2.1
185 silly decomposeActions build bindings@1.2.1
186 silly decomposeActions install bindings@1.2.1
187 silly decomposeActions postinstall bindings@1.2.1
188 silly decomposeActions finalize bindings@1.2.1
189 silly decomposeActions fetch nan@2.3.3
190 silly decomposeActions extract nan@2.3.3
191 silly decomposeActions test nan@2.3.3
192 silly decomposeActions preinstall nan@2.3.3
193 silly decomposeActions build nan@2.3.3
194 silly decomposeActions install nan@2.3.3
195 silly decomposeActions postinstall nan@2.3.3
196 silly decomposeActions finalize nan@2.3.3
197 silly decomposeActions fetch node-expat@2.3.13
198 silly decomposeActions extract node-expat@2.3.13
199 silly decomposeActions test node-expat@2.3.13
200 silly decomposeActions preinstall node-expat@2.3.13
201 silly decomposeActions build node-expat@2.3.13
202 silly decomposeActions install node-expat@2.3.13
203 silly decomposeActions postinstall node-expat@2.3.13
204 silly decomposeActions finalize node-expat@2.3.13
205 silly decomposeActions fetch xml2json@0.9.1
206 silly decomposeActions extract xml2json@0.9.1
207 silly decomposeActions test xml2json@0.9.1
208 silly decomposeActions preinstall xml2json@0.9.1
209 silly decomposeActions build xml2json@0.9.1
210 silly decomposeActions install xml2json@0.9.1
211 silly decomposeActions postinstall xml2json@0.9.1
212 silly decomposeActions finalize xml2json@0.9.1
213 silly executeActions Starting
214 silly install executeActions
215 silly doSerial global-install 0
216 silly doParallel fetch 4
217 verbose correctMkdir C:\Users\nidhi\AppData\Roaming\npm-cache\_locks correctMkdir not in flight; initializing
218 verbose lock using C:\Users\nidhi\AppData\Roaming\npm-cache\_locks\staging-c4c33608d1ae1fed.lock for C:\J.A.R.V.I.S\a100-dev\academiaSeek\node_modules\.staging
219 silly doParallel extract 4
220 silly extract bindings@1.2.1
221 silly extract nan@2.3.3
222 silly extract node-expat@2.3.13
223 silly extract xml2json@0.9.1
224 verbose unbuild node_modules\.staging\bindings-a7cbfdd8
225 verbose unbuild node_modules\.staging\nan-b2704422
226 verbose unbuild node_modules\.staging\node-expat-66a6b999
227 silly gentlyRm C:\J.A.R.V.I.S\a100-dev\academiaSeek\node_modules\.staging\bindings-a7cbfdd8 is being purged from base C:\J.A.R.V.I.S\a100-dev\academiaSeek
228 verbose gentlyRm don't care about contents; nuking C:\J.A.R.V.I.S\a100-dev\academiaSeek\node_modules\.staging\bindings-a7cbfdd8
229 silly gentlyRm C:\J.A.R.V.I.S\a100-dev\academiaSeek\node_modules\.staging\nan-b2704422 is being purged from base C:\J.A.R.V.I.S\a100-dev\academiaSeek
230 verbose gentlyRm don't care about contents; nuking C:\J.A.R.V.I.S\a100-dev\academiaSeek\node_modules\.staging\nan-b2704422
231 silly gentlyRm C:\J.A.R.V.I.S\a100-dev\academiaSeek\node_modules\.staging\node-expat-66a6b999 is being purged from base C:\J.A.R.V.I.S\a100-dev\academiaSeek
232 verbose gentlyRm don't care about contents; nuking C:\J.A.R.V.I.S\a100-dev\academiaSeek\node_modules\.staging\node-expat-66a6b999
233 verbose unbuild node_modules\.staging\xml2json-34b27c20
234 verbose tar unpack C:\Users\nidhi\AppData\Roaming\npm-cache\bindings\1.2.1\package.tgz
235 verbose tar unpacking to C:\J.A.R.V.I.S\a100-dev\academiaSeek\node_modules\.staging\bindings-a7cbfdd8
236 silly gentlyRm C:\J.A.R.V.I.S\a100-dev\academiaSeek\node_modules\.staging\bindings-a7cbfdd8 is being purged
237 verbose gentlyRm don't care about contents; nuking C:\J.A.R.V.I.S\a100-dev\academiaSeek\node_modules\.staging\bindings-a7cbfdd8
238 verbose tar unpack C:\Users\nidhi\AppData\Roaming\npm-cache\nan\2.3.3\package.tgz
239 verbose tar unpacking to C:\J.A.R.V.I.S\a100-dev\academiaSeek\node_modules\.staging\nan-b2704422
240 silly gentlyRm C:\J.A.R.V.I.S\a100-dev\academiaSeek\node_modules\.staging\nan-b2704422 is being purged
241 verbose gentlyRm don't care about contents; nuking C:\J.A.R.V.I.S\a100-dev\academiaSeek\node_modules\.staging\nan-b2704422
242 verbose tar unpack C:\Users\nidhi\AppData\Roaming\npm-cache\node-expat\2.3.13\package.tgz
243 verbose tar unpacking to C:\J.A.R.V.I.S\a100-dev\academiaSeek\node_modules\.staging\node-expat-66a6b999
244 silly gentlyRm C:\J.A.R.V.I.S\a100-dev\academiaSeek\node_modules\.staging\node-expat-66a6b999 is being purged
245 verbose gentlyRm don't care about contents; nuking C:\J.A.R.V.I.S\a100-dev\academiaSeek\node_modules\.staging\node-expat-66a6b999
246 silly gunzTarPerm modes [ '777', '666' ]
247 silly gunzTarPerm modes [ '777', '666' ]
248 silly gunzTarPerm modes [ '777', '666' ]
249 silly gentlyRm C:\J.A.R.V.I.S\a100-dev\academiaSeek\node_modules\.staging\xml2json-34b27c20 is being purged from base C:\J.A.R.V.I.S\a100-dev\academiaSeek
250 verbose gentlyRm don't care about contents; nuking C:\J.A.R.V.I.S\a100-dev\academiaSeek\node_modules\.staging\xml2json-34b27c20
251 verbose tar unpack C:\Users\nidhi\AppData\Roaming\npm-cache\xml2json\0.9.1\package.tgz
252 verbose tar unpacking to C:\J.A.R.V.I.S\a100-dev\academiaSeek\node_modules\.staging\xml2json-34b27c20
253 silly gentlyRm C:\J.A.R.V.I.S\a100-dev\academiaSeek\node_modules\.staging\xml2json-34b27c20 is being purged
254 verbose gentlyRm don't care about contents; nuking C:\J.A.R.V.I.S\a100-dev\academiaSeek\node_modules\.staging\xml2json-34b27c20
255 silly gunzTarPerm modes [ '777', '666' ]
256 silly gunzTarPerm extractEntry package.json
257 silly gunzTarPerm modified mode [ 'package.json', 420, 438 ]
258 silly gunzTarPerm extractEntry package.json
259 silly gunzTarPerm modified mode [ 'package.json', 436, 438 ]
260 silly gunzTarPerm extractEntry package.json
261 silly gunzTarPerm modified mode [ 'package.json', 420, 438 ]
262 silly gunzTarPerm extractEntry package.json
263 silly gunzTarPerm modified mode [ 'package.json', 420, 438 ]
264 silly gunzTarPerm extractEntry README.md
265 silly gunzTarPerm modified mode [ 'README.md', 420, 438 ]
266 silly gunzTarPerm extractEntry bindings.js
267 silly gunzTarPerm modified mode [ 'bindings.js', 420, 438 ]
268 silly gunzTarPerm extractEntry README.md
269 silly gunzTarPerm modified mode [ 'README.md', 436, 438 ]
270 silly gunzTarPerm extractEntry README.md
271 silly gunzTarPerm modified mode [ 'README.md', 420, 438 ]
272 silly gunzTarPerm extractEntry LICENSE
273 silly gunzTarPerm modified mode [ 'LICENSE', 420, 438 ]
274 silly gunzTarPerm extractEntry include_dirs.js
275 silly gunzTarPerm modified mode [ 'include_dirs.js', 436, 438 ]
276 silly gunzTarPerm extractEntry .npmignore
277 silly gunzTarPerm modified mode [ '.npmignore', 420, 438 ]
278 silly gunzTarPerm extractEntry README.md
279 silly gunzTarPerm modified mode [ 'README.md', 420, 438 ]
280 silly gunzTarPerm extractEntry nan_converters.h
281 silly gunzTarPerm modified mode [ 'nan_converters.h', 436, 438 ]
282 silly gunzTarPerm extractEntry LICENSE.md
283 silly gunzTarPerm modified mode [ 'LICENSE.md', 436, 438 ]
284 silly gunzTarPerm extractEntry doc/node_misc.md
285 silly gunzTarPerm modified mode [ 'doc/node_misc.md', 436, 438 ]
286 silly gunzTarPerm extractEntry index.js
287 silly gunzTarPerm modified mode [ 'index.js', 420, 438 ]
288 silly gunzTarPerm extractEntry t.js
289 silly gunzTarPerm modified mode [ 't.js', 420, 438 ]
290 silly gunzTarPerm extractEntry binding.gyp
291 silly gunzTarPerm modified mode [ 'binding.gyp', 420, 438 ]
292 silly gunzTarPerm extractEntry build/Makefile
293 silly gunzTarPerm modified mode [ 'build/Makefile', 420, 438 ]
294 silly gunzTarPerm extractEntry doc/asyncworker.md
295 silly gunzTarPerm modified mode [ 'doc/asyncworker.md', 436, 438 ]
296 silly gunzTarPerm extractEntry build/Release/.deps/Release/libexpat.a.d
297 silly gunzTarPerm modified mode [ 'build/Release/.deps/Release/libexpat.a.d', 420, 438 ]
298 silly gunzTarPerm extractEntry bin/xml2json
299 silly gunzTarPerm modified mode [ 'bin/xml2json', 420, 438 ]
300 silly gunzTarPerm extractEntry AUTHORS
301 silly gunzTarPerm modified mode [ 'AUTHORS', 420, 438 ]
302 silly gunzTarPerm extractEntry doc/callback.md
303 silly gunzTarPerm modified mode [ 'doc/callback.md', 436, 438 ]
304 silly gunzTarPerm extractEntry doc/converters.md
305 silly gunzTarPerm modified mode [ 'doc/converters.md', 436, 438 ]
306 silly gunzTarPerm extractEntry build/Release/.deps/Release/node_expat.node.d
307 silly gunzTarPerm modified mode [ 'build/Release/.deps/Release/node_expat.node.d', 420, 438 ]
308 silly gunzTarPerm extractEntry build/Release/.deps/Release/obj.target/deps/libexpat/libexpat.a.d
309 silly gunzTarPerm modified mode [ 'build/Release/.deps/Release/obj.target/deps/libexpat/libexpat.a.d',
309 silly gunzTarPerm   420,
309 silly gunzTarPerm   438 ]
310 silly gunzTarPerm extractEntry doc/errors.md
311 silly gunzTarPerm modified mode [ 'doc/errors.md', 436, 438 ]
312 silly gunzTarPerm extractEntry doc/maybe_types.md
313 silly gunzTarPerm modified mode [ 'doc/maybe_types.md', 436, 438 ]
314 silly gunzTarPerm extractEntry lib/index.js
315 silly gunzTarPerm modified mode [ 'lib/index.js', 420, 438 ]
316 silly gunzTarPerm extractEntry lib/json2xml.js
317 silly gunzTarPerm modified mode [ 'lib/json2xml.js', 420, 438 ]
318 silly gunzTarPerm extractEntry lib/sanitize.js
319 silly gunzTarPerm modified mode [ 'lib/sanitize.js', 420, 438 ]
320 silly gunzTarPerm extractEntry lib/xml2json.js
321 silly gunzTarPerm modified mode [ 'lib/xml2json.js', 420, 438 ]
322 silly gunzTarPerm extractEntry .editorconfig
323 silly gunzTarPerm modified mode [ '.editorconfig', 436, 438 ]
324 silly gunzTarPerm extractEntry .travis.yml
325 silly gunzTarPerm modified mode [ '.travis.yml', 420, 438 ]
326 silly gunzTarPerm extractEntry test/.npmignore
327 silly gunzTarPerm modified mode [ 'test/.npmignore', 420, 438 ]
328 silly gunzTarPerm extractEntry test/coerce-overhead.js
329 silly gunzTarPerm modified mode [ 'test/coerce-overhead.js', 420, 438 ]
330 silly gunzTarPerm extractEntry test/test-reorder.js
331 silly gunzTarPerm modified mode [ 'test/test-reorder.js', 420, 438 ]
332 silly gunzTarPerm extractEntry test/test-space.js
333 silly gunzTarPerm modified mode [ 'test/test-space.js', 420, 438 ]
334 silly gunzTarPerm extractEntry test/test-xmlsanitize.js
335 silly gunzTarPerm modified mode [ 'test/test-xmlsanitize.js', 420, 438 ]
336 silly gunzTarPerm extractEntry test/test.js
337 silly gunzTarPerm modified mode [ 'test/test.js', 420, 438 ]
338 silly gunzTarPerm extractEntry test/fixtures/large.xml
339 silly gunzTarPerm modified mode [ 'test/fixtures/large.xml', 420, 438 ]
340 silly gunzTarPerm extractEntry test/fixtures/array-notation.json
341 silly gunzTarPerm modified mode [ 'test/fixtures/array-notation.json', 420, 438 ]
342 silly gunzTarPerm extractEntry test/fixtures/coerce.json
343 silly gunzTarPerm modified mode [ 'test/fixtures/coerce.json', 420, 438 ]
344 silly gunzTarPerm extractEntry test/fixtures/coerce.xml
345 silly gunzTarPerm modified mode [ 'test/fixtures/coerce.xml', 420, 438 ]
346 silly gunzTarPerm extractEntry test/fixtures/domain-reversible.json
347 silly gunzTarPerm modified mode [ 'test/fixtures/domain-reversible.json', 420, 438 ]
348 silly gunzTarPerm extractEntry test/fixtures/domain.json
349 silly gunzTarPerm modified mode [ 'test/fixtures/domain.json', 420, 438 ]
350 silly gunzTarPerm extractEntry test/fixtures/domain.xml
351 silly gunzTarPerm modified mode [ 'test/fixtures/domain.xml', 420, 438 ]
352 silly gunzTarPerm extractEntry test/fixtures/large.json
353 silly gunzTarPerm modified mode [ 'test/fixtures/large.json', 420, 438 ]
354 silly gunzTarPerm extractEntry test/fixtures/array-notation.xml
355 silly gunzTarPerm modified mode [ 'test/fixtures/array-notation.xml', 420, 438 ]
356 silly gunzTarPerm extractEntry test/fixtures/reorder.json
357 silly gunzTarPerm modified mode [ 'test/fixtures/reorder.json', 420, 438 ]
358 silly gunzTarPerm extractEntry test/fixtures/reorder.xml
359 silly gunzTarPerm modified mode [ 'test/fixtures/reorder.xml', 420, 438 ]
360 silly gunzTarPerm extractEntry test/fixtures/spacetext.json
361 silly gunzTarPerm modified mode [ 'test/fixtures/spacetext.json', 420, 438 ]
362 silly gunzTarPerm extractEntry test/fixtures/spacetext.xml
363 silly gunzTarPerm modified mode [ 'test/fixtures/spacetext.xml', 420, 438 ]
364 silly gunzTarPerm extractEntry test/fixtures/xmlsanitize.json
365 silly gunzTarPerm modified mode [ 'test/fixtures/xmlsanitize.json', 420, 438 ]
366 silly gunzTarPerm extractEntry test/fixtures/xmlsanitize.xml
367 silly gunzTarPerm modified mode [ 'test/fixtures/xmlsanitize.xml', 420, 438 ]
368 silly gunzTarPerm extractEntry test/fixtures/xmlsanitize2.json
369 silly gunzTarPerm modified mode [ 'test/fixtures/xmlsanitize2.json', 420, 438 ]
370 silly gunzTarPerm extractEntry test/fixtures/xmlsanitize2.xml
371 silly gunzTarPerm modified mode [ 'test/fixtures/xmlsanitize2.xml', 420, 438 ]
372 silly gunzTarPerm extractEntry build/Release/.deps/Release/obj.target/expat/deps/libexpat/lib/xmlparse.o.d
373 silly gunzTarPerm modified mode [ 'build/Release/.deps/Release/obj.target/expat/deps/libexpat/lib/xmlparse.o.d',
373 silly gunzTarPerm   420,
373 silly gunzTarPerm   438 ]
374 silly gunzTarPerm extractEntry build/Release/.deps/Release/obj.target/expat/deps/libexpat/lib/xmlrole.o.d
375 silly gunzTarPerm modified mode [ 'build/Release/.deps/Release/obj.target/expat/deps/libexpat/lib/xmlrole.o.d',
375 silly gunzTarPerm   420,
375 silly gunzTarPerm   438 ]
376 silly gunzTarPerm extractEntry doc/methods.md
377 silly gunzTarPerm modified mode [ 'doc/methods.md', 436, 438 ]
378 silly gunzTarPerm extractEntry doc/new.md
379 silly gunzTarPerm modified mode [ 'doc/new.md', 436, 438 ]
380 silly gentlyRm C:\J.A.R.V.I.S\a100-dev\academiaSeek\node_modules\.staging\bindings-a7cbfdd8\node_modules is being purged
381 verbose gentlyRm don't care about contents; nuking C:\J.A.R.V.I.S\a100-dev\academiaSeek\node_modules\.staging\bindings-a7cbfdd8\node_modules
382 silly gunzTarPerm extractEntry doc/buffers.md
383 silly gunzTarPerm modified mode [ 'doc/buffers.md', 436, 438 ]
384 silly gunzTarPerm extractEntry doc/object_wrappers.md
385 silly gunzTarPerm modified mode [ 'doc/object_wrappers.md', 436, 438 ]
386 silly gunzTarPerm extractEntry build/Release/.deps/Release/obj.target/expat/deps/libexpat/lib/xmltok.o.d
387 silly gunzTarPerm modified mode [ 'build/Release/.deps/Release/obj.target/expat/deps/libexpat/lib/xmltok.o.d',
387 silly gunzTarPerm   420,
387 silly gunzTarPerm   438 ]
388 silly gunzTarPerm extractEntry build/Release/.deps/Release/obj.target/node_expat/node-expat.o.d
389 silly gunzTarPerm modified mode [ 'build/Release/.deps/Release/obj.target/node_expat/node-expat.o.d',
389 silly gunzTarPerm   420,
389 silly gunzTarPerm   438 ]
390 silly gunzTarPerm extractEntry doc/persistent.md
391 silly gunzTarPerm modified mode [ 'doc/persistent.md', 436, 438 ]
392 silly gunzTarPerm extractEntry doc/scopes.md
393 silly gunzTarPerm modified mode [ 'doc/scopes.md', 436, 438 ]
394 silly gunzTarPerm extractEntry build/Release/.deps/Release/obj.target/node_expat.node.d
395 silly gunzTarPerm modified mode [ 'build/Release/.deps/Release/obj.target/node_expat.node.d',
395 silly gunzTarPerm   420,
395 silly gunzTarPerm   438 ]
396 silly gunzTarPerm extractEntry build/Release/libexpat.a
397 silly gunzTarPerm modified mode [ 'build/Release/libexpat.a', 420, 438 ]
398 silly gunzTarPerm extractEntry doc/script.md
399 silly gunzTarPerm modified mode [ 'doc/script.md', 436, 438 ]
400 silly gunzTarPerm extractEntry doc/string_bytes.md
401 silly gunzTarPerm modified mode [ 'doc/string_bytes.md', 436, 438 ]
402 silly gunzTarPerm extractEntry build/Release/node_expat.node
403 silly gunzTarPerm modified mode [ 'build/Release/node_expat.node', 493, 511 ]
404 silly gunzTarPerm extractEntry doc/v8_internals.md
405 silly gunzTarPerm modified mode [ 'doc/v8_internals.md', 436, 438 ]
406 silly gunzTarPerm extractEntry doc/v8_misc.md
407 silly gunzTarPerm modified mode [ 'doc/v8_misc.md', 436, 438 ]
408 silly gunzTarPerm extractEntry nan.h
409 silly gunzTarPerm modified mode [ 'nan.h', 436, 438 ]
410 silly gunzTarPerm extractEntry nan_callbacks.h
411 silly gunzTarPerm modified mode [ 'nan_callbacks.h', 436, 438 ]
412 silly gunzTarPerm extractEntry nan_callbacks_12_inl.h
413 silly gunzTarPerm modified mode [ 'nan_callbacks_12_inl.h', 436, 438 ]
414 silly gunzTarPerm extractEntry nan_callbacks_pre_12_inl.h
415 silly gunzTarPerm modified mode [ 'nan_callbacks_pre_12_inl.h', 436, 438 ]
416 silly gunzTarPerm extractEntry nan_converters_43_inl.h
417 silly gunzTarPerm modified mode [ 'nan_converters_43_inl.h', 436, 438 ]
418 silly gunzTarPerm extractEntry nan_converters_pre_43_inl.h
419 silly gunzTarPerm modified mode [ 'nan_converters_pre_43_inl.h', 436, 438 ]
420 silly gunzTarPerm extractEntry nan_implementation_12_inl.h
421 silly gunzTarPerm modified mode [ 'nan_implementation_12_inl.h', 436, 438 ]
422 silly gunzTarPerm extractEntry nan_implementation_pre_12_inl.h
423 silly gunzTarPerm modified mode [ 'nan_implementation_pre_12_inl.h', 436, 438 ]
424 silly gunzTarPerm extractEntry nan_maybe_43_inl.h
425 silly gunzTarPerm modified mode [ 'nan_maybe_43_inl.h', 436, 438 ]
426 silly gunzTarPerm extractEntry nan_maybe_pre_43_inl.h
427 silly gunzTarPerm modified mode [ 'nan_maybe_pre_43_inl.h', 436, 438 ]
428 silly gunzTarPerm extractEntry nan_new.h
429 silly gunzTarPerm modified mode [ 'nan_new.h', 436, 438 ]
430 silly gunzTarPerm extractEntry nan_object_wrap.h
431 silly gunzTarPerm modified mode [ 'nan_object_wrap.h', 436, 438 ]
432 silly gunzTarPerm extractEntry nan_persistent_12_inl.h
433 silly gunzTarPerm modified mode [ 'nan_persistent_12_inl.h', 436, 438 ]
434 silly gunzTarPerm extractEntry nan_persistent_pre_12_inl.h
435 silly gunzTarPerm modified mode [ 'nan_persistent_pre_12_inl.h', 436, 438 ]
436 silly gunzTarPerm extractEntry nan_string_bytes.h
437 silly gunzTarPerm modified mode [ 'nan_string_bytes.h', 436, 438 ]
438 silly gunzTarPerm extractEntry nan_typedarray_contents.h
439 silly gunzTarPerm modified mode [ 'nan_typedarray_contents.h', 436, 438 ]
440 silly gunzTarPerm extractEntry nan_weak.h
441 silly gunzTarPerm modified mode [ 'nan_weak.h', 436, 438 ]
442 silly gunzTarPerm extractEntry CHANGELOG.md
443 silly gunzTarPerm modified mode [ 'CHANGELOG.md', 436, 438 ]
444 silly gunzTarPerm extractEntry tools/package.json
445 silly gunzTarPerm modified mode [ 'tools/package.json', 436, 438 ]
446 silly gunzTarPerm extractEntry tools/README.md
447 silly gunzTarPerm modified mode [ 'tools/README.md', 436, 438 ]
448 silly gunzTarPerm extractEntry tools/1to2.js
449 silly gunzTarPerm modified mode [ 'tools/1to2.js', 509, 511 ]
450 silly gunzTarPerm extractEntry build/Release/obj.target/deps/libexpat/libexpat.a
451 silly gunzTarPerm modified mode [ 'build/Release/obj.target/deps/libexpat/libexpat.a', 420, 438 ]
452 silly gunzTarPerm extractEntry build/Release/obj.target/expat/deps/libexpat/lib/xmlparse.o
453 silly gunzTarPerm modified mode [ 'build/Release/obj.target/expat/deps/libexpat/lib/xmlparse.o',
453 silly gunzTarPerm   420,
453 silly gunzTarPerm   438 ]
454 silly gunzTarPerm extractEntry build/Release/obj.target/expat/deps/libexpat/lib/xmlrole.o
455 silly gunzTarPerm modified mode [ 'build/Release/obj.target/expat/deps/libexpat/lib/xmlrole.o',
455 silly gunzTarPerm   420,
455 silly gunzTarPerm   438 ]
456 silly gunzTarPerm extractEntry build/Release/obj.target/expat/deps/libexpat/lib/xmltok.o
457 silly gunzTarPerm modified mode [ 'build/Release/obj.target/expat/deps/libexpat/lib/xmltok.o',
457 silly gunzTarPerm   420,
457 silly gunzTarPerm   438 ]
458 silly gunzTarPerm extractEntry build/Release/obj.target/node_expat/node-expat.o
459 silly gunzTarPerm modified mode [ 'build/Release/obj.target/node_expat/node-expat.o', 420, 438 ]
460 silly gunzTarPerm extractEntry build/Release/obj.target/node_expat.node
461 silly gunzTarPerm modified mode [ 'build/Release/obj.target/node_expat.node', 493, 511 ]
462 silly gunzTarPerm extractEntry build/binding.Makefile
463 silly gunzTarPerm modified mode [ 'build/binding.Makefile', 420, 438 ]
464 silly gunzTarPerm extractEntry build/deps/libexpat/expat.target.mk
465 silly gunzTarPerm modified mode [ 'build/deps/libexpat/expat.target.mk', 420, 438 ]
466 silly gunzTarPerm extractEntry build/deps/libexpat/libexpat.Makefile
467 silly gunzTarPerm modified mode [ 'build/deps/libexpat/libexpat.Makefile', 420, 438 ]
468 silly gunzTarPerm extractEntry build/deps/libexpat/version.target.mk
469 silly gunzTarPerm modified mode [ 'build/deps/libexpat/version.target.mk', 420, 438 ]
470 silly gunzTarPerm extractEntry build/node_expat.target.mk
471 silly gunzTarPerm modified mode [ 'build/node_expat.target.mk', 420, 438 ]
472 silly gunzTarPerm extractEntry deps/libexpat/README
473 silly gunzTarPerm modified mode [ 'deps/libexpat/README', 420, 438 ]
474 silly gunzTarPerm extractEntry deps/libexpat/doc/expat.png
475 silly gunzTarPerm modified mode [ 'deps/libexpat/doc/expat.png', 420, 438 ]
476 silly gunzTarPerm extractEntry deps/libexpat/doc/reference.html
477 silly gunzTarPerm modified mode [ 'deps/libexpat/doc/reference.html', 420, 438 ]
478 silly gunzTarPerm extractEntry deps/libexpat/doc/style.css
479 silly gunzTarPerm modified mode [ 'deps/libexpat/doc/style.css', 420, 438 ]
480 silly gunzTarPerm extractEntry deps/libexpat/doc/valid-xhtml10.png
481 silly gunzTarPerm modified mode [ 'deps/libexpat/doc/valid-xhtml10.png', 420, 438 ]
482 silly gunzTarPerm extractEntry deps/libexpat/doc/xmlwf.1
483 silly gunzTarPerm modified mode [ 'deps/libexpat/doc/xmlwf.1', 420, 438 ]
484 silly gunzTarPerm extractEntry deps/libexpat/doc/xmlwf.sgml
485 silly gunzTarPerm modified mode [ 'deps/libexpat/doc/xmlwf.sgml', 420, 438 ]
486 silly gunzTarPerm extractEntry deps/libexpat/COPYING
487 silly gunzTarPerm modified mode [ 'deps/libexpat/COPYING', 420, 438 ]
488 silly gunzTarPerm extractEntry deps/libexpat/Changes
489 silly gunzTarPerm modified mode [ 'deps/libexpat/Changes', 420, 438 ]
490 silly gunzTarPerm extractEntry deps/libexpat/ConfigureChecks.cmake
491 silly gunzTarPerm modified mode [ 'deps/libexpat/ConfigureChecks.cmake', 493, 511 ]
492 silly gunzTarPerm extractEntry deps/libexpat/MANIFEST
493 silly gunzTarPerm modified mode [ 'deps/libexpat/MANIFEST', 420, 438 ]
494 silly gunzTarPerm extractEntry deps/libexpat/Makefile.in
495 silly gunzTarPerm modified mode [ 'deps/libexpat/Makefile.in', 420, 438 ]
496 silly gunzTarPerm extractEntry deps/libexpat/CMake.README
497 silly gunzTarPerm modified mode [ 'deps/libexpat/CMake.README', 493, 511 ]
498 silly gunzTarPerm extractEntry deps/libexpat/aclocal.m4
499 silly gunzTarPerm modified mode [ 'deps/libexpat/aclocal.m4', 420, 438 ]
500 silly gunzTarPerm extractEntry deps/libexpat/amiga/expat_68k_handler_stubs.c
501 silly gunzTarPerm modified mode [ 'deps/libexpat/amiga/expat_68k_handler_stubs.c', 493, 511 ]
502 silly gunzTarPerm extractEntry deps/libexpat/amiga/Makefile
503 silly gunzTarPerm modified mode [ 'deps/libexpat/amiga/Makefile', 420, 438 ]
504 silly gunzTarPerm extractEntry deps/libexpat/amiga/expat.xml
505 silly gunzTarPerm modified mode [ 'deps/libexpat/amiga/expat.xml', 420, 438 ]
506 silly gunzTarPerm extractEntry deps/libexpat/amiga/expat_68k.c
507 silly gunzTarPerm modified mode [ 'deps/libexpat/amiga/expat_68k.c', 420, 438 ]
508 silly gunzTarPerm extractEntry deps/libexpat/amiga/expat_68k.h
509 silly gunzTarPerm modified mode [ 'deps/libexpat/amiga/expat_68k.h', 493, 511 ]
510 silly gunzTarPerm extractEntry deps/libexpat/amiga/README.txt
511 silly gunzTarPerm modified mode [ 'deps/libexpat/amiga/README.txt', 420, 438 ]
512 silly gunzTarPerm extractEntry deps/libexpat/amiga/expat_base.h
513 silly gunzTarPerm modified mode [ 'deps/libexpat/amiga/expat_base.h', 420, 438 ]
514 silly gunzTarPerm extractEntry deps/libexpat/amiga/expat_lib.c
515 silly gunzTarPerm modified mode [ 'deps/libexpat/amiga/expat_lib.c', 493, 511 ]
516 silly gunzTarPerm extractEntry deps/libexpat/amiga/expat_vectors.c
517 silly gunzTarPerm modified mode [ 'deps/libexpat/amiga/expat_vectors.c', 420, 438 ]
518 silly gunzTarPerm extractEntry deps/libexpat/amiga/include/inline4/expat.h
519 silly gunzTarPerm modified mode [ 'deps/libexpat/amiga/include/inline4/expat.h', 420, 438 ]
520 silly gunzTarPerm extractEntry deps/libexpat/amiga/include/interfaces/expat.h
521 silly gunzTarPerm modified mode [ 'deps/libexpat/amiga/include/interfaces/expat.h', 420, 438 ]
522 silly gunzTarPerm extractEntry deps/libexpat/amiga/include/libraries/expat.h
523 silly gunzTarPerm modified mode [ 'deps/libexpat/amiga/include/libraries/expat.h', 420, 438 ]
524 silly gunzTarPerm extractEntry deps/libexpat/amiga/include/proto/expat.h
525 silly gunzTarPerm modified mode [ 'deps/libexpat/amiga/include/proto/expat.h', 420, 438 ]
526 silly gunzTarPerm extractEntry deps/libexpat/amiga/launch.c
527 silly gunzTarPerm modified mode [ 'deps/libexpat/amiga/launch.c', 493, 511 ]
528 silly gunzTarPerm extractEntry deps/libexpat/bcb5/expatw.mak
529 silly gunzTarPerm modified mode [ 'deps/libexpat/bcb5/expatw.mak', 420, 438 ]
530 silly gunzTarPerm extractEntry deps/libexpat/bcb5/README.txt
531 silly gunzTarPerm modified mode [ 'deps/libexpat/bcb5/README.txt', 420, 438 ]
532 silly gunzTarPerm extractEntry deps/libexpat/bcb5/elements.bpf
533 silly gunzTarPerm modified mode [ 'deps/libexpat/bcb5/elements.bpf', 420, 438 ]
534 silly gunzTarPerm extractEntry deps/libexpat/bcb5/elements.bpr
535 silly gunzTarPerm modified mode [ 'deps/libexpat/bcb5/elements.bpr', 420, 438 ]
536 silly gunzTarPerm extractEntry deps/libexpat/bcb5/elements.mak
537 silly gunzTarPerm modified mode [ 'deps/libexpat/bcb5/elements.mak', 420, 438 ]
538 silly gunzTarPerm extractEntry deps/libexpat/bcb5/expat.bpf
539 silly gunzTarPerm modified mode [ 'deps/libexpat/bcb5/expat.bpf', 420, 438 ]
540 silly gunzTarPerm extractEntry deps/libexpat/bcb5/expat.bpr
541 silly gunzTarPerm modified mode [ 'deps/libexpat/bcb5/expat.bpr', 420, 438 ]
542 silly gunzTarPerm extractEntry deps/libexpat/bcb5/expat.mak
543 silly gunzTarPerm modified mode [ 'deps/libexpat/bcb5/expat.mak', 420, 438 ]
544 silly gunzTarPerm extractEntry deps/libexpat/bcb5/expat_static.bpf
545 silly gunzTarPerm modified mode [ 'deps/libexpat/bcb5/expat_static.bpf', 420, 438 ]
546 silly gunzTarPerm extractEntry deps/libexpat/bcb5/expat_static.bpr
547 silly gunzTarPerm modified mode [ 'deps/libexpat/bcb5/expat_static.bpr', 420, 438 ]
548 silly gunzTarPerm extractEntry deps/libexpat/bcb5/expat_static.mak
549 silly gunzTarPerm modified mode [ 'deps/libexpat/bcb5/expat_static.mak', 420, 438 ]
550 silly gunzTarPerm extractEntry deps/libexpat/bcb5/expatw.bpf
551 silly gunzTarPerm modified mode [ 'deps/libexpat/bcb5/expatw.bpf', 420, 438 ]
552 silly gunzTarPerm extractEntry deps/libexpat/bcb5/expatw.bpr
553 silly gunzTarPerm modified mode [ 'deps/libexpat/bcb5/expatw.bpr', 420, 438 ]
554 silly gunzTarPerm extractEntry deps/libexpat/bcb5/all_projects.bpg
555 silly gunzTarPerm modified mode [ 'deps/libexpat/bcb5/all_projects.bpg', 420, 438 ]
556 silly gunzTarPerm extractEntry deps/libexpat/bcb5/expatw_static.bpf
557 silly gunzTarPerm modified mode [ 'deps/libexpat/bcb5/expatw_static.bpf', 420, 438 ]
558 silly gunzTarPerm extractEntry deps/libexpat/bcb5/expatw_static.bpr
559 silly gunzTarPerm modified mode [ 'deps/libexpat/bcb5/expatw_static.bpr', 420, 438 ]
560 silly gunzTarPerm extractEntry deps/libexpat/bcb5/expatw_static.mak
561 silly gunzTarPerm modified mode [ 'deps/libexpat/bcb5/expatw_static.mak', 420, 438 ]
562 silly gunzTarPerm extractEntry deps/libexpat/bcb5/libexpat_mtd.def
563 silly gunzTarPerm modified mode [ 'deps/libexpat/bcb5/libexpat_mtd.def', 420, 438 ]
564 silly gunzTarPerm extractEntry deps/libexpat/bcb5/libexpatw_mtd.def
565 silly gunzTarPerm modified mode [ 'deps/libexpat/bcb5/libexpatw_mtd.def', 420, 438 ]
566 silly gunzTarPerm extractEntry deps/libexpat/bcb5/makefile.mak
567 silly gunzTarPerm modified mode [ 'deps/libexpat/bcb5/makefile.mak', 420, 438 ]
568 silly gunzTarPerm extractEntry deps/libexpat/bcb5/outline.bpf
569 silly gunzTarPerm modified mode [ 'deps/libexpat/bcb5/outline.bpf', 420, 438 ]
570 silly gunzTarPerm extractEntry deps/libexpat/bcb5/outline.bpr
571 silly gunzTarPerm modified mode [ 'deps/libexpat/bcb5/outline.bpr', 420, 438 ]
572 silly gunzTarPerm extractEntry deps/libexpat/bcb5/outline.mak
573 silly gunzTarPerm modified mode [ 'deps/libexpat/bcb5/outline.mak', 420, 438 ]
574 silly gunzTarPerm extractEntry deps/libexpat/bcb5/setup.bat
575 silly gunzTarPerm modified mode [ 'deps/libexpat/bcb5/setup.bat', 420, 438 ]
576 silly gunzTarPerm extractEntry deps/libexpat/bcb5/xmlwf.bpf
577 silly gunzTarPerm modified mode [ 'deps/libexpat/bcb5/xmlwf.bpf', 420, 438 ]
578 silly gunzTarPerm extractEntry deps/libexpat/bcb5/xmlwf.bpr
579 silly gunzTarPerm modified mode [ 'deps/libexpat/bcb5/xmlwf.bpr', 420, 438 ]
580 silly gunzTarPerm extractEntry deps/libexpat/bcb5/xmlwf.mak
581 silly gunzTarPerm modified mode [ 'deps/libexpat/bcb5/xmlwf.mak', 420, 438 ]
582 silly gunzTarPerm extractEntry deps/libexpat/configure
583 silly gunzTarPerm modified mode [ 'deps/libexpat/configure', 493, 511 ]
584 silly gunzTarPerm extractEntry deps/libexpat/configure.in
585 silly gunzTarPerm modified mode [ 'deps/libexpat/configure.in', 420, 438 ]
586 silly gunzTarPerm extractEntry deps/libexpat/conftools/PrintPath
587 silly gunzTarPerm modified mode [ 'deps/libexpat/conftools/PrintPath', 493, 511 ]
588 silly gunzTarPerm extractEntry deps/libexpat/conftools/ac_c_bigendian_cross.m4
589 silly gunzTarPerm modified mode [ 'deps/libexpat/conftools/ac_c_bigendian_cross.m4', 420, 438 ]
590 silly gunzTarPerm extractEntry deps/libexpat/conftools/config.guess
591 silly gunzTarPerm modified mode [ 'deps/libexpat/conftools/config.guess', 493, 511 ]
592 silly gunzTarPerm extractEntry deps/libexpat/conftools/config.sub
593 silly gunzTarPerm modified mode [ 'deps/libexpat/conftools/config.sub', 493, 511 ]
594 silly gunzTarPerm extractEntry deps/libexpat/conftools/expat.m4
595 silly gunzTarPerm modified mode [ 'deps/libexpat/conftools/expat.m4', 420, 438 ]
596 silly gunzTarPerm extractEntry deps/libexpat/conftools/get-version.sh
597 silly gunzTarPerm modified mode [ 'deps/libexpat/conftools/get-version.sh', 493, 511 ]
598 silly gunzTarPerm extractEntry deps/libexpat/conftools/install-sh
599 silly gunzTarPerm modified mode [ 'deps/libexpat/conftools/install-sh', 493, 511 ]
600 silly gunzTarPerm extractEntry deps/libexpat/conftools/ltmain.sh
601 silly gunzTarPerm modified mode [ 'deps/libexpat/conftools/ltmain.sh', 493, 511 ]
602 silly gunzTarPerm extractEntry deps/libexpat/conftools/mkinstalldirs
603 silly gunzTarPerm modified mode [ 'deps/libexpat/conftools/mkinstalldirs', 493, 511 ]
604 silly gunzTarPerm extractEntry deps/libexpat/CMakeLists.txt
605 silly gunzTarPerm modified mode [ 'deps/libexpat/CMakeLists.txt', 493, 511 ]
606 silly gunzTarPerm extractEntry deps/libexpat/examples/elements.c
607 silly gunzTarPerm modified mode [ 'deps/libexpat/examples/elements.c', 420, 438 ]
608 silly gunzTarPerm extractEntry deps/libexpat/examples/elements.dsp
609 silly gunzTarPerm modified mode [ 'deps/libexpat/examples/elements.dsp', 420, 438 ]
610 silly gunzTarPerm extractEntry deps/libexpat/examples/outline.c
611 silly gunzTarPerm modified mode [ 'deps/libexpat/examples/outline.c', 420, 438 ]
612 silly gunzTarPerm extractEntry deps/libexpat/examples/outline.dsp
613 silly gunzTarPerm modified mode [ 'deps/libexpat/examples/outline.dsp', 420, 438 ]
614 silly gunzTarPerm extractEntry deps/libexpat/expat.dsw
615 silly gunzTarPerm modified mode [ 'deps/libexpat/expat.dsw', 493, 511 ]
616 silly gunzTarPerm extractEntry deps/libexpat/expat.pc.in
617 silly gunzTarPerm modified mode [ 'deps/libexpat/expat.pc.in', 420, 438 ]
618 silly gunzTarPerm extractEntry deps/libexpat/expat_config.h
619 silly gunzTarPerm modified mode [ 'deps/libexpat/expat_config.h', 420, 438 ]
620 silly gunzTarPerm extractEntry deps/libexpat/expat_config.h.cmake
621 silly gunzTarPerm modified mode [ 'deps/libexpat/expat_config.h.cmake', 493, 511 ]
622 silly gunzTarPerm extractEntry deps/libexpat/expat_config.h.in
623 silly gunzTarPerm modified mode [ 'deps/libexpat/expat_config.h.in', 420, 438 ]
624 silly gunzTarPerm extractEntry deps/libexpat/lib/libexpat.def
625 silly gunzTarPerm modified mode [ 'deps/libexpat/lib/libexpat.def', 420, 438 ]
626 silly gunzTarPerm extractEntry deps/libexpat/lib/Makefile.MPW
627 silly gunzTarPerm modified mode [ 'deps/libexpat/lib/Makefile.MPW', 420, 438 ]
628 silly gunzTarPerm extractEntry deps/libexpat/lib/ascii.h
629 silly gunzTarPerm modified mode [ 'deps/libexpat/lib/ascii.h', 420, 438 ]
630 silly gunzTarPerm extractEntry deps/libexpat/lib/asciitab.h
631 silly gunzTarPerm modified mode [ 'deps/libexpat/lib/asciitab.h', 420, 438 ]
632 silly gunzTarPerm extractEntry deps/libexpat/lib/expat.dsp
633 silly gunzTarPerm modified mode [ 'deps/libexpat/lib/expat.dsp', 420, 438 ]
634 silly gunzTarPerm extractEntry deps/libexpat/lib/expat.h
635 silly gunzTarPerm modified mode [ 'deps/libexpat/lib/expat.h', 420, 438 ]
636 silly gunzTarPerm extractEntry deps/libexpat/lib/expat_external.h
637 silly gunzTarPerm modified mode [ 'deps/libexpat/lib/expat_external.h', 420, 438 ]
638 silly gunzTarPerm extractEntry deps/libexpat/lib/expat_static.dsp
639 silly gunzTarPerm modified mode [ 'deps/libexpat/lib/expat_static.dsp', 420, 438 ]
640 silly gunzTarPerm extractEntry deps/libexpat/lib/expatw.dsp
641 silly gunzTarPerm modified mode [ 'deps/libexpat/lib/expatw.dsp', 420, 438 ]
642 silly gentlyRm C:\J.A.R.V.I.S\a100-dev\academiaSeek\node_modules\.staging\xml2json-34b27c20\node_modules is being purged
643 verbose gentlyRm don't care about contents; nuking C:\J.A.R.V.I.S\a100-dev\academiaSeek\node_modules\.staging\xml2json-34b27c20\node_modules
644 silly gunzTarPerm extractEntry deps/libexpat/lib/expatw_static.dsp
645 silly gunzTarPerm modified mode [ 'deps/libexpat/lib/expatw_static.dsp', 420, 438 ]
646 silly gunzTarPerm extractEntry deps/libexpat/lib/iasciitab.h
647 silly gunzTarPerm modified mode [ 'deps/libexpat/lib/iasciitab.h', 420, 438 ]
648 silly gunzTarPerm extractEntry deps/libexpat/lib/internal.h
649 silly gunzTarPerm modified mode [ 'deps/libexpat/lib/internal.h', 420, 438 ]
650 silly gunzTarPerm extractEntry deps/libexpat/lib/latin1tab.h
651 silly gunzTarPerm modified mode [ 'deps/libexpat/lib/latin1tab.h', 420, 438 ]
652 silly gunzTarPerm extractEntry deps/libexpat/lib/amigaconfig.h
653 silly gunzTarPerm modified mode [ 'deps/libexpat/lib/amigaconfig.h', 420, 438 ]
654 silly gunzTarPerm extractEntry deps/libexpat/lib/libexpatw.def
655 silly gunzTarPerm modified mode [ 'deps/libexpat/lib/libexpatw.def', 420, 438 ]
656 silly gunzTarPerm extractEntry deps/libexpat/lib/macconfig.h
657 silly gunzTarPerm modified mode [ 'deps/libexpat/lib/macconfig.h', 420, 438 ]
658 silly gunzTarPerm extractEntry deps/libexpat/lib/nametab.h
659 silly gunzTarPerm modified mode [ 'deps/libexpat/lib/nametab.h', 420, 438 ]
660 silly gunzTarPerm extractEntry deps/libexpat/lib/utf8tab.h
661 silly gunzTarPerm modified mode [ 'deps/libexpat/lib/utf8tab.h', 420, 438 ]
662 silly gunzTarPerm extractEntry deps/libexpat/lib/winconfig.h
663 silly gunzTarPerm modified mode [ 'deps/libexpat/lib/winconfig.h', 420, 438 ]
664 silly gunzTarPerm extractEntry deps/libexpat/lib/xmlparse.c
665 silly gunzTarPerm modified mode [ 'deps/libexpat/lib/xmlparse.c', 420, 438 ]
666 silly gunzTarPerm extractEntry deps/libexpat/lib/xmlrole.c
667 silly gunzTarPerm modified mode [ 'deps/libexpat/lib/xmlrole.c', 420, 438 ]
668 silly gunzTarPerm extractEntry deps/libexpat/lib/xmlrole.h
669 silly gunzTarPerm modified mode [ 'deps/libexpat/lib/xmlrole.h', 420, 438 ]
670 silly gunzTarPerm extractEntry deps/libexpat/lib/xmltok.c
671 silly gunzTarPerm modified mode [ 'deps/libexpat/lib/xmltok.c', 420, 438 ]
672 silly gunzTarPerm extractEntry deps/libexpat/lib/xmltok.h
673 silly gunzTarPerm modified mode [ 'deps/libexpat/lib/xmltok.h', 420, 438 ]
674 silly gunzTarPerm extractEntry deps/libexpat/lib/xmltok_impl.c
675 silly gunzTarPerm modified mode [ 'deps/libexpat/lib/xmltok_impl.c', 420, 438 ]
676 silly gunzTarPerm extractEntry deps/libexpat/lib/xmltok_impl.h
677 silly gunzTarPerm modified mode [ 'deps/libexpat/lib/xmltok_impl.h', 420, 438 ]
678 silly gunzTarPerm extractEntry deps/libexpat/lib/xmltok_ns.c
679 silly gunzTarPerm modified mode [ 'deps/libexpat/lib/xmltok_ns.c', 420, 438 ]
680 silly gunzTarPerm extractEntry deps/libexpat/libexpat.gyp
681 silly gunzTarPerm modified mode [ 'deps/libexpat/libexpat.gyp', 420, 438 ]
682 silly gunzTarPerm extractEntry deps/libexpat/m4/libtool.m4
683 silly gunzTarPerm modified mode [ 'deps/libexpat/m4/libtool.m4', 420, 438 ]
684 silly gunzTarPerm extractEntry deps/libexpat/m4/ltoptions.m4
685 silly gunzTarPerm modified mode [ 'deps/libexpat/m4/ltoptions.m4', 420, 438 ]
686 silly gunzTarPerm extractEntry deps/libexpat/m4/ltsugar.m4
687 silly gunzTarPerm modified mode [ 'deps/libexpat/m4/ltsugar.m4', 420, 438 ]
688 silly gunzTarPerm extractEntry deps/libexpat/m4/ltversion.m4
689 silly gunzTarPerm modified mode [ 'deps/libexpat/m4/ltversion.m4', 420, 438 ]
690 silly gunzTarPerm extractEntry deps/libexpat/m4/lt~obsolete.m4
691 silly gunzTarPerm modified mode [ 'deps/libexpat/m4/lt~obsolete.m4', 420, 438 ]
692 silly gunzTarPerm extractEntry deps/libexpat/tests/README.txt
693 silly gunzTarPerm modified mode [ 'deps/libexpat/tests/README.txt', 420, 438 ]
694 silly gunzTarPerm extractEntry deps/libexpat/tests/benchmark/README.txt
695 silly gunzTarPerm modified mode [ 'deps/libexpat/tests/benchmark/README.txt', 420, 438 ]
696 silly gunzTarPerm extractEntry deps/libexpat/tests/benchmark/benchmark.c
697 silly gunzTarPerm modified mode [ 'deps/libexpat/tests/benchmark/benchmark.c', 420, 438 ]
698 silly gunzTarPerm extractEntry deps/libexpat/tests/benchmark/benchmark.dsp
699 silly gunzTarPerm modified mode [ 'deps/libexpat/tests/benchmark/benchmark.dsp', 420, 438 ]
700 silly gunzTarPerm extractEntry deps/libexpat/tests/benchmark/benchmark.dsw
701 silly gunzTarPerm modified mode [ 'deps/libexpat/tests/benchmark/benchmark.dsw', 420, 438 ]
702 silly gunzTarPerm extractEntry deps/libexpat/tests/chardata.c
703 silly gunzTarPerm modified mode [ 'deps/libexpat/tests/chardata.c', 420, 438 ]
704 silly gunzTarPerm extractEntry deps/libexpat/tests/chardata.h
705 silly gunzTarPerm modified mode [ 'deps/libexpat/tests/chardata.h', 420, 438 ]
706 silly gunzTarPerm extractEntry deps/libexpat/tests/minicheck.c
707 silly gunzTarPerm modified mode [ 'deps/libexpat/tests/minicheck.c', 420, 438 ]
708 silly gunzTarPerm extractEntry deps/libexpat/tests/minicheck.h
709 silly gunzTarPerm modified mode [ 'deps/libexpat/tests/minicheck.h', 420, 438 ]
710 silly gunzTarPerm extractEntry deps/libexpat/tests/runtests.c
711 silly gunzTarPerm modified mode [ 'deps/libexpat/tests/runtests.c', 420, 438 ]
712 silly gentlyRm C:\J.A.R.V.I.S\a100-dev\academiaSeek\node_modules\.staging\nan-b2704422\node_modules is being purged
713 verbose gentlyRm don't care about contents; nuking C:\J.A.R.V.I.S\a100-dev\academiaSeek\node_modules\.staging\nan-b2704422\node_modules
714 silly gunzTarPerm extractEntry deps/libexpat/tests/runtestspp.cpp
715 silly gunzTarPerm modified mode [ 'deps/libexpat/tests/runtestspp.cpp', 420, 438 ]
716 silly gunzTarPerm extractEntry deps/libexpat/tests/xmltest.sh
717 silly gunzTarPerm modified mode [ 'deps/libexpat/tests/xmltest.sh', 493, 511 ]
718 silly gunzTarPerm extractEntry deps/libexpat/version.c
719 silly gunzTarPerm modified mode [ 'deps/libexpat/version.c', 420, 438 ]
720 silly gunzTarPerm extractEntry deps/libexpat/vms/README.vms
721 silly gunzTarPerm modified mode [ 'deps/libexpat/vms/README.vms', 420, 438 ]
722 silly gunzTarPerm extractEntry deps/libexpat/vms/descrip.mms
723 silly gunzTarPerm modified mode [ 'deps/libexpat/vms/descrip.mms', 420, 438 ]
724 silly gunzTarPerm extractEntry deps/libexpat/vms/expat_config.h
725 silly gunzTarPerm modified mode [ 'deps/libexpat/vms/expat_config.h', 420, 438 ]
726 silly gunzTarPerm extractEntry deps/libexpat/win32/MANIFEST.txt
727 silly gunzTarPerm modified mode [ 'deps/libexpat/win32/MANIFEST.txt', 420, 438 ]
728 silly gunzTarPerm extractEntry deps/libexpat/win32/README.txt
729 silly gunzTarPerm modified mode [ 'deps/libexpat/win32/README.txt', 420, 438 ]
730 silly gunzTarPerm extractEntry deps/libexpat/win32/expat.iss
731 silly gunzTarPerm modified mode [ 'deps/libexpat/win32/expat.iss', 420, 438 ]
732 silly gunzTarPerm extractEntry deps/libexpat/xmlwf/xmlfile.h
733 silly gunzTarPerm modified mode [ 'deps/libexpat/xmlwf/xmlfile.h', 493, 511 ]
734 silly gunzTarPerm extractEntry deps/libexpat/xmlwf/codepage.c
735 silly gunzTarPerm modified mode [ 'deps/libexpat/xmlwf/codepage.c', 493, 511 ]
736 silly gunzTarPerm extractEntry deps/libexpat/xmlwf/ct.c
737 silly gunzTarPerm modified mode [ 'deps/libexpat/xmlwf/ct.c', 493, 511 ]
738 silly gunzTarPerm extractEntry deps/libexpat/xmlwf/filemap.h
739 silly gunzTarPerm modified mode [ 'deps/libexpat/xmlwf/filemap.h', 493, 511 ]
740 silly gunzTarPerm extractEntry deps/libexpat/xmlwf/readfilemap.c
741 silly gunzTarPerm modified mode [ 'deps/libexpat/xmlwf/readfilemap.c', 493, 511 ]
742 silly gunzTarPerm extractEntry deps/libexpat/xmlwf/unixfilemap.c
743 silly gunzTarPerm modified mode [ 'deps/libexpat/xmlwf/unixfilemap.c', 493, 511 ]
744 silly gunzTarPerm extractEntry deps/libexpat/xmlwf/win32filemap.c
745 silly gunzTarPerm modified mode [ 'deps/libexpat/xmlwf/win32filemap.c', 493, 511 ]
746 silly gunzTarPerm extractEntry deps/libexpat/xmlwf/xmlfile.c
747 silly gunzTarPerm modified mode [ 'deps/libexpat/xmlwf/xmlfile.c', 493, 511 ]
748 silly gunzTarPerm extractEntry deps/libexpat/xmlwf/codepage.h
749 silly gunzTarPerm modified mode [ 'deps/libexpat/xmlwf/codepage.h', 493, 511 ]
750 silly gunzTarPerm extractEntry deps/libexpat/xmlwf/xmlmime.c
751 silly gunzTarPerm modified mode [ 'deps/libexpat/xmlwf/xmlmime.c', 493, 511 ]
752 silly gunzTarPerm extractEntry deps/libexpat/xmlwf/xmlmime.h
753 silly gunzTarPerm modified mode [ 'deps/libexpat/xmlwf/xmlmime.h', 493, 511 ]
754 silly gunzTarPerm extractEntry deps/libexpat/xmlwf/xmltchar.h
755 silly gunzTarPerm modified mode [ 'deps/libexpat/xmlwf/xmltchar.h', 493, 511 ]
756 silly gunzTarPerm extractEntry deps/libexpat/xmlwf/xmlurl.h
757 silly gunzTarPerm modified mode [ 'deps/libexpat/xmlwf/xmlurl.h', 493, 511 ]
758 silly gunzTarPerm extractEntry deps/libexpat/xmlwf/xmlwf.c
759 silly gunzTarPerm modified mode [ 'deps/libexpat/xmlwf/xmlwf.c', 493, 511 ]
760 silly gunzTarPerm extractEntry deps/libexpat/xmlwf/xmlwf.dsp
761 silly gunzTarPerm modified mode [ 'deps/libexpat/xmlwf/xmlwf.dsp', 493, 511 ]
762 silly gunzTarPerm extractEntry deps/libexpat/xmlwf/xmlwin32url.cxx
763 silly gunzTarPerm modified mode [ 'deps/libexpat/xmlwf/xmlwin32url.cxx', 493, 511 ]
764 silly gunzTarPerm extractEntry lib/node-expat.js
765 silly gunzTarPerm modified mode [ 'lib/node-expat.js', 420, 438 ]
766 silly gunzTarPerm extractEntry node-expat.cc
767 silly gunzTarPerm modified mode [ 'node-expat.cc', 420, 438 ]
768 silly gentlyRm C:\J.A.R.V.I.S\a100-dev\academiaSeek\node_modules\.staging\node-expat-66a6b999\node_modules is being purged
769 verbose gentlyRm don't care about contents; nuking C:\J.A.R.V.I.S\a100-dev\academiaSeek\node_modules\.staging\node-expat-66a6b999\node_modules
770 silly doParallel preinstall 4
771 silly preinstall bindings@1.2.1 C:\J.A.R.V.I.S\a100-dev\academiaSeek\node_modules\.staging\bindings-a7cbfdd8
772 info lifecycle bindings@1.2.1~preinstall: bindings@1.2.1
773 silly preinstall nan@2.3.3 C:\J.A.R.V.I.S\a100-dev\academiaSeek\node_modules\.staging\nan-b2704422
774 info lifecycle nan@2.3.3~preinstall: nan@2.3.3
775 silly preinstall node-expat@2.3.13 C:\J.A.R.V.I.S\a100-dev\academiaSeek\node_modules\.staging\node-expat-66a6b999
776 info lifecycle node-expat@2.3.13~preinstall: node-expat@2.3.13
777 silly preinstall xml2json@0.9.1 C:\J.A.R.V.I.S\a100-dev\academiaSeek\node_modules\.staging\xml2json-34b27c20
778 info lifecycle xml2json@0.9.1~preinstall: xml2json@0.9.1
779 silly lifecycle bindings@1.2.1~preinstall: no script for preinstall, continuing
780 silly lifecycle nan@2.3.3~preinstall: no script for preinstall, continuing
781 silly lifecycle node-expat@2.3.13~preinstall: no script for preinstall, continuing
782 silly lifecycle xml2json@0.9.1~preinstall: no script for preinstall, continuing
783 silly doReverseSerial remove 0
784 silly doSerial move 0
785 silly doSerial finalize 4
786 silly finalize C:\J.A.R.V.I.S\a100-dev\academiaSeek\node_modules\bindings
787 silly finalize C:\J.A.R.V.I.S\a100-dev\academiaSeek\node_modules\nan
788 silly finalize C:\J.A.R.V.I.S\a100-dev\academiaSeek\node_modules\node-expat
789 silly finalize C:\J.A.R.V.I.S\a100-dev\academiaSeek\node_modules\xml2json
790 silly doSerial build 4
791 silly build bindings@1.2.1
792 info linkStuff bindings@1.2.1
793 silly linkStuff bindings@1.2.1 has C:\J.A.R.V.I.S\a100-dev\academiaSeek\node_modules as its parent node_modules
794 verbose linkBins bindings@1.2.1
795 verbose linkMans bindings@1.2.1
796 silly build nan@2.3.3
797 info linkStuff nan@2.3.3
798 silly linkStuff nan@2.3.3 has C:\J.A.R.V.I.S\a100-dev\academiaSeek\node_modules as its parent node_modules
799 verbose linkBins nan@2.3.3
800 verbose linkMans nan@2.3.3
801 silly build node-expat@2.3.13
802 info linkStuff node-expat@2.3.13
803 silly linkStuff node-expat@2.3.13 has C:\J.A.R.V.I.S\a100-dev\academiaSeek\node_modules as its parent node_modules
804 verbose linkBins node-expat@2.3.13
805 verbose linkMans node-expat@2.3.13
806 silly build xml2json@0.9.1
807 info linkStuff xml2json@0.9.1
808 silly linkStuff xml2json@0.9.1 has C:\J.A.R.V.I.S\a100-dev\academiaSeek\node_modules as its parent node_modules
809 verbose linkBins xml2json@0.9.1
810 verbose link bins [ { xml2json: 'bin/xml2json' },
810 verbose link bins   'C:\\J.A.R.V.I.S\\a100-dev\\academiaSeek\\node_modules\\.bin',
810 verbose link bins   false ]
811 verbose linkMans xml2json@0.9.1
812 silly doSerial global-link 0
813 silly doParallel update-linked 0
814 silly doSerial install 4
815 silly install bindings@1.2.1 C:\J.A.R.V.I.S\a100-dev\academiaSeek\node_modules\.staging\bindings-a7cbfdd8
816 info lifecycle bindings@1.2.1~install: bindings@1.2.1
817 silly lifecycle bindings@1.2.1~install: no script for install, continuing
818 silly install nan@2.3.3 C:\J.A.R.V.I.S\a100-dev\academiaSeek\node_modules\.staging\nan-b2704422
819 info lifecycle nan@2.3.3~install: nan@2.3.3
820 silly lifecycle nan@2.3.3~install: no script for install, continuing
821 silly install node-expat@2.3.13 C:\J.A.R.V.I.S\a100-dev\academiaSeek\node_modules\.staging\node-expat-66a6b999
822 info lifecycle node-expat@2.3.13~install: node-expat@2.3.13
823 verbose lifecycle node-expat@2.3.13~install: unsafe-perm in lifecycle true
824 verbose lifecycle node-expat@2.3.13~install: PATH: C:\Program Files\nodejs\node_modules\npm\bin\node-gyp-bin;C:\J.A.R.V.I.S\a100-dev\academiaSeek\node_modules\node-expat\node_modules\.bin;C:\J.A.R.V.I.S\a100-dev\academiaSeek\node_modules\.bin;C:\oraclexe\app\oracle\product\11.2.0\server\bin;C:\Program Files\Dell\DW WLAN Card;C:\ProgramData\Oracle\Java\javapath;C:\Program Files (x86)\Intel\iCLS Client\;C:\Program Files\Intel\iCLS Client\;C:\WINDOWS\system32;C:\WINDOWS;C:\WINDOWS\System32\Wbem;C:\WINDOWS\System32\WindowsPowerShell\v1.0\;C:\Program Files (x86)\Intel\Intel(R) Management Engine Components\DAL;C:\Program Files\Intel\Intel(R) Management Engine Components\DAL;C:\Program Files (x86)\Intel\Intel(R) Management Engine Components\IPT;C:\Program Files\Intel\Intel(R) Management Engine Components\IPT;C:\Program Files\Java\jdk1.8.0_60\bin;C:\Python34;C:\Program Files (x86)\Skype\Phone\;C:\WINDOWS\system32\config\systemprofile\.dnx\bin;C:\Program Files\Microsoft DNX\Dnvm\;C:\Program Files (x86)\Windows Kits\8.1\Windows Performance Toolkit\;C:\Python34\Scripts;C:\Program Files\nodejs\;C:\Program Files\Git;C:\Program Files\MongoDB\Server\3.2\bin;C:\Program Files\Microsoft SQL Server\120\Tools\Binn\;C:\Program Files\Microsoft SQL Server\Client SDK\ODBC\110\Tools\Binn\;C:\Program Files (x86)\Microsoft SQL Server\120\Tools\Binn\;C:\Program Files\Microsoft SQL Server\120\DTS\Binn\;C:\Program Files (x86)\Microsoft SQL Server\120\Tools\Binn\ManagementStudio\;C:\Program Files (x86)\Microsoft SQL Server\120\DTS\Binn\;C:\oraclexe\app\oracle\product\11.2.0\server\bin;C:\Users\nidhi\AppData\Roaming\npm;C:\Users\nidhi\AppData\Local\.meteor\
825 verbose lifecycle node-expat@2.3.13~install: CWD: C:\J.A.R.V.I.S\a100-dev\academiaSeek\node_modules\node-expat
826 silly lifecycle node-expat@2.3.13~install: Args: [ '/d /s /c', 'node-gyp rebuild' ]
827 silly lifecycle node-expat@2.3.13~install: Returned: code: 1  signal: null
828 info lifecycle node-expat@2.3.13~install: Failed to exec install script
829 verbose unlock done using C:\Users\nidhi\AppData\Roaming\npm-cache\_locks\staging-c4c33608d1ae1fed.lock for C:\J.A.R.V.I.S\a100-dev\academiaSeek\node_modules\.staging
830 silly rollbackFailedOptional Starting
831 silly rollbackFailedOptional Finishing
832 silly runTopLevelLifecycles Starting
833 silly runTopLevelLifecycles Finishing
834 silly install printInstalled
835 verbose stack Error: node-expat@2.3.13 install: `node-gyp rebuild`
835 verbose stack Exit status 1
835 verbose stack     at EventEmitter.<anonymous> (C:\Program Files\nodejs\node_modules\npm\lib\utils\lifecycle.js:232:16)
835 verbose stack     at emitTwo (events.js:100:13)
835 verbose stack     at EventEmitter.emit (events.js:185:7)
835 verbose stack     at ChildProcess.<anonymous> (C:\Program Files\nodejs\node_modules\npm\lib\utils\spawn.js:24:14)
835 verbose stack     at emitTwo (events.js:100:13)
835 verbose stack     at ChildProcess.emit (events.js:185:7)
835 verbose stack     at maybeClose (internal/child_process.js:827:16)
835 verbose stack     at Process.ChildProcess._handle.onexit (internal/child_process.js:211:5)
836 verbose pkgid node-expat@2.3.13
837 verbose cwd C:\J.A.R.V.I.S\a100-dev\academiaSeek
838 error Windows_NT 10.0.10586
839 error argv "C:\\Program Files\\nodejs\\node.exe" "C:\\Program Files\\nodejs\\node_modules\\npm\\bin\\npm-cli.js" "install" "xml2json"
840 error node v5.7.1
841 error npm  v3.6.0
842 error code ELIFECYCLE
843 error node-expat@2.3.13 install: `node-gyp rebuild`
843 error Exit status 1
844 error Failed at the node-expat@2.3.13 install script 'node-gyp rebuild'.
844 error Make sure you have the latest version of node.js and npm installed.
844 error If you do, this is most likely a problem with the node-expat package,
844 error not with npm itself.
844 error Tell the author that this fails on your system:
844 error     node-gyp rebuild
844 error You can get information on how to open an issue for this project with:
844 error     npm bugs node-expat
844 error Or if that isn't available, you can get their info via:
844 error     npm owner ls node-expat
844 error There is likely additional logging output above.
845 verbose exit [ 1, true ]
